{"C:\\Users\\Raizo\\Vidly\\index.js": {"path":"C:\\Users\\Raizo\\Vidly\\index.js","statementMap":{"0":{"start":{"line":1,"column":16},"end":{"line":1,"column":34}},"1":{"start":{"line":2,"column":16},"end":{"line":2,"column":34}},"2":{"start":{"line":4,"column":12},"end":{"line":4,"column":21}},"3":{"start":{"line":6,"column":0},"end":{"line":6,"column":31}},"4":{"start":{"line":7,"column":0},"end":{"line":7,"column":33}},"5":{"start":{"line":8,"column":0},"end":{"line":8,"column":26}},"6":{"start":{"line":9,"column":0},"end":{"line":9,"column":30}},"7":{"start":{"line":10,"column":0},"end":{"line":10,"column":34}},"8":{"start":{"line":11,"column":0},"end":{"line":11,"column":31}},"9":{"start":{"line":13,"column":15},"end":{"line":15,"column":2}},"10":{"start":{"line":17,"column":13},"end":{"line":17,"column":37}},"11":{"start":{"line":18,"column":15},"end":{"line":18,"column":79}},"12":{"start":{"line":18,"column":38},"end":{"line":18,"column":78}},"13":{"start":{"line":20,"column":0},"end":{"line":20,"column":24}}},"fnMap":{"0":{"name":"(anonymous_0)","decl":{"start":{"line":18,"column":32},"end":{"line":18,"column":33}},"loc":{"start":{"line":18,"column":38},"end":{"line":18,"column":78}},"line":18}},"branchMap":{"0":{"loc":{"start":{"line":17,"column":13},"end":{"line":17,"column":37}},"type":"binary-expr","locations":[{"start":{"line":17,"column":13},"end":{"line":17,"column":29}},{"start":{"line":17,"column":33},"end":{"line":17,"column":37}}],"line":17}},"s":{"0":3,"1":3,"2":3,"3":3,"4":3,"5":3,"6":3,"7":3,"8":3,"9":3,"10":3,"11":3,"12":3,"13":3},"f":{"0":3},"b":{"0":[3,3]},"_coverageSchema":"332fd63041d2c1bcb487cc26dd0d5f7d97098a6c","hash":"1e5e76c96e64b6bacbfc627f2fa145e87f6b0be9"}
,"C:\\Users\\Raizo\\Vidly\\middleware\\admin.js": {"path":"C:\\Users\\Raizo\\Vidly\\middleware\\admin.js","statementMap":{"0":{"start":{"line":1,"column":0},"end":{"line":4,"column":2}},"1":{"start":{"line":2,"column":2},"end":{"line":2,"column":72}},"2":{"start":{"line":2,"column":25},"end":{"line":2,"column":72}},"3":{"start":{"line":3,"column":2},"end":{"line":3,"column":9}}},"fnMap":{"0":{"name":"(anonymous_0)","decl":{"start":{"line":1,"column":17},"end":{"line":1,"column":18}},"loc":{"start":{"line":1,"column":43},"end":{"line":4,"column":1}},"line":1}},"branchMap":{"0":{"loc":{"start":{"line":2,"column":2},"end":{"line":2,"column":72}},"type":"if","locations":[{"start":{"line":2,"column":2},"end":{"line":2,"column":72}},{"start":{"line":2,"column":2},"end":{"line":2,"column":72}}],"line":2}},"s":{"0":3,"1":4,"2":1,"3":3},"f":{"0":4},"b":{"0":[1,3]},"_coverageSchema":"332fd63041d2c1bcb487cc26dd0d5f7d97098a6c","hash":"82f35e60f024cecd86659e5e3fd850f35832702e"}
,"C:\\Users\\Raizo\\Vidly\\middleware\\auth.js": {"path":"C:\\Users\\Raizo\\Vidly\\middleware\\auth.js","statementMap":{"0":{"start":{"line":1,"column":12},"end":{"line":1,"column":35}},"1":{"start":{"line":2,"column":15},"end":{"line":2,"column":32}},"2":{"start":{"line":4,"column":0},"end":{"line":15,"column":2}},"3":{"start":{"line":5,"column":16},"end":{"line":5,"column":42}},"4":{"start":{"line":6,"column":2},"end":{"line":6,"column":79}},"5":{"start":{"line":6,"column":14},"end":{"line":6,"column":79}},"6":{"start":{"line":8,"column":2},"end":{"line":14,"column":3}},"7":{"start":{"line":9,"column":20},"end":{"line":9,"column":66}},"8":{"start":{"line":10,"column":4},"end":{"line":10,"column":23}},"9":{"start":{"line":11,"column":4},"end":{"line":11,"column":11}},"10":{"start":{"line":13,"column":4},"end":{"line":13,"column":43}}},"fnMap":{"0":{"name":"(anonymous_0)","decl":{"start":{"line":4,"column":17},"end":{"line":4,"column":18}},"loc":{"start":{"line":4,"column":43},"end":{"line":15,"column":1}},"line":4}},"branchMap":{"0":{"loc":{"start":{"line":6,"column":2},"end":{"line":6,"column":79}},"type":"if","locations":[{"start":{"line":6,"column":2},"end":{"line":6,"column":79}},{"start":{"line":6,"column":2},"end":{"line":6,"column":79}}],"line":6}},"s":{"0":4,"1":4,"2":4,"3":31,"4":31,"5":5,"6":26,"7":26,"8":25,"9":25,"10":1},"f":{"0":31},"b":{"0":[5,26]},"_coverageSchema":"332fd63041d2c1bcb487cc26dd0d5f7d97098a6c","hash":"cb090d5614f3dd80c92bfeca451eaca36a087cf2"}
,"C:\\Users\\Raizo\\Vidly\\middleware\\error.js": {"path":"C:\\Users\\Raizo\\Vidly\\middleware\\error.js","statementMap":{"0":{"start":{"line":1,"column":16},"end":{"line":1,"column":34}},"1":{"start":{"line":3,"column":0},"end":{"line":8,"column":2}},"2":{"start":{"line":4,"column":2},"end":{"line":4,"column":34}},"3":{"start":{"line":5,"column":2},"end":{"line":5,"column":19}},"4":{"start":{"line":7,"column":2},"end":{"line":7,"column":44}}},"fnMap":{"0":{"name":"(anonymous_0)","decl":{"start":{"line":3,"column":17},"end":{"line":3,"column":18}},"loc":{"start":{"line":3,"column":48},"end":{"line":8,"column":1}},"line":3}},"branchMap":{},"s":{"0":3,"1":3,"2":0,"3":0,"4":0},"f":{"0":0},"b":{},"_coverageSchema":"332fd63041d2c1bcb487cc26dd0d5f7d97098a6c","hash":"5fd50a8109ed89855254b60ea8d67a84ff2e6af2"}
,"C:\\Users\\Raizo\\Vidly\\middleware\\validate.js": {"path":"C:\\Users\\Raizo\\Vidly\\middleware\\validate.js","statementMap":{"0":{"start":{"line":1,"column":0},"end":{"line":8,"column":2}},"1":{"start":{"line":2,"column":2},"end":{"line":7,"column":4}},"2":{"start":{"line":3,"column":22},"end":{"line":3,"column":41}},"3":{"start":{"line":4,"column":4},"end":{"line":4,"column":58}},"4":{"start":{"line":4,"column":15},"end":{"line":4,"column":58}},"5":{"start":{"line":6,"column":4},"end":{"line":6,"column":11}}},"fnMap":{"0":{"name":"(anonymous_0)","decl":{"start":{"line":1,"column":17},"end":{"line":1,"column":18}},"loc":{"start":{"line":1,"column":32},"end":{"line":8,"column":1}},"line":1},"1":{"name":"(anonymous_1)","decl":{"start":{"line":2,"column":9},"end":{"line":2,"column":10}},"loc":{"start":{"line":2,"column":29},"end":{"line":7,"column":3}},"line":2}},"branchMap":{"0":{"loc":{"start":{"line":4,"column":4},"end":{"line":4,"column":58}},"type":"if","locations":[{"start":{"line":4,"column":4},"end":{"line":4,"column":58}},{"start":{"line":4,"column":4},"end":{"line":4,"column":58}}],"line":4}},"s":{"0":3,"1":3,"2":9,"3":9,"4":2,"5":7},"f":{"0":3,"1":9},"b":{"0":[2,7]},"_coverageSchema":"332fd63041d2c1bcb487cc26dd0d5f7d97098a6c","hash":"c91fcb32b4d761cb1564a9c595003e91521c5246"}
,"C:\\Users\\Raizo\\Vidly\\middleware\\validateObjectId.js": {"path":"C:\\Users\\Raizo\\Vidly\\middleware\\validateObjectId.js","statementMap":{"0":{"start":{"line":1,"column":17},"end":{"line":1,"column":36}},"1":{"start":{"line":3,"column":0},"end":{"line":8,"column":2}},"2":{"start":{"line":4,"column":2},"end":{"line":5,"column":47}},"3":{"start":{"line":5,"column":4},"end":{"line":5,"column":47}},"4":{"start":{"line":7,"column":2},"end":{"line":7,"column":9}}},"fnMap":{"0":{"name":"(anonymous_0)","decl":{"start":{"line":3,"column":17},"end":{"line":3,"column":18}},"loc":{"start":{"line":3,"column":43},"end":{"line":8,"column":1}},"line":3}},"branchMap":{"0":{"loc":{"start":{"line":4,"column":2},"end":{"line":5,"column":47}},"type":"if","locations":[{"start":{"line":4,"column":2},"end":{"line":5,"column":47}},{"start":{"line":4,"column":2},"end":{"line":5,"column":47}}],"line":4}},"s":{"0":3,"1":3,"2":12,"3":3,"4":9},"f":{"0":12},"b":{"0":[3,9]},"_coverageSchema":"332fd63041d2c1bcb487cc26dd0d5f7d97098a6c","hash":"243d99187880b91a83729de5766605f127ab12b3"}
,"C:\\Users\\Raizo\\Vidly\\models\\customer.js": {"path":"C:\\Users\\Raizo\\Vidly\\models\\customer.js","statementMap":{"0":{"start":{"line":1,"column":12},"end":{"line":1,"column":26}},"1":{"start":{"line":2,"column":17},"end":{"line":2,"column":36}},"2":{"start":{"line":4,"column":23},"end":{"line":21,"column":2}},"3":{"start":{"line":23,"column":17},"end":{"line":23,"column":59}},"4":{"start":{"line":26,"column":17},"end":{"line":30,"column":4}},"5":{"start":{"line":32,"column":2},"end":{"line":32,"column":35}},"6":{"start":{"line":35,"column":0},"end":{"line":35,"column":35}},"7":{"start":{"line":36,"column":0},"end":{"line":36,"column":43}}},"fnMap":{"0":{"name":"validateCustomer","decl":{"start":{"line":25,"column":9},"end":{"line":25,"column":25}},"loc":{"start":{"line":25,"column":36},"end":{"line":33,"column":1}},"line":25}},"branchMap":{},"s":{"0":3,"1":3,"2":3,"3":3,"4":0,"5":0,"6":3,"7":3},"f":{"0":0},"b":{},"_coverageSchema":"332fd63041d2c1bcb487cc26dd0d5f7d97098a6c","hash":"aeff868be2064c0bf75f94d3d2068a1672ff854d"}
,"C:\\Users\\Raizo\\Vidly\\models\\genre.js": {"path":"C:\\Users\\Raizo\\Vidly\\models\\genre.js","statementMap":{"0":{"start":{"line":1,"column":12},"end":{"line":1,"column":26}},"1":{"start":{"line":2,"column":17},"end":{"line":2,"column":36}},"2":{"start":{"line":4,"column":20},"end":{"line":11,"column":2}},"3":{"start":{"line":13,"column":14},"end":{"line":13,"column":50}},"4":{"start":{"line":16,"column":17},"end":{"line":18,"column":4}},"5":{"start":{"line":20,"column":2},"end":{"line":20,"column":42}},"6":{"start":{"line":23,"column":0},"end":{"line":23,"column":41}},"7":{"start":{"line":24,"column":0},"end":{"line":24,"column":29}},"8":{"start":{"line":25,"column":0},"end":{"line":25,"column":40}}},"fnMap":{"0":{"name":"validateGenre","decl":{"start":{"line":15,"column":9},"end":{"line":15,"column":22}},"loc":{"start":{"line":15,"column":30},"end":{"line":21,"column":1}},"line":15}},"branchMap":{},"s":{"0":3,"1":3,"2":3,"3":3,"4":10,"5":10,"6":3,"7":3,"8":3},"f":{"0":10},"b":{},"_coverageSchema":"332fd63041d2c1bcb487cc26dd0d5f7d97098a6c","hash":"a02b446abf40faeeaff3a1ea176f21b88f56aa04"}
,"C:\\Users\\Raizo\\Vidly\\models\\movie.js": {"path":"C:\\Users\\Raizo\\Vidly\\models\\movie.js","statementMap":{"0":{"start":{"line":1,"column":12},"end":{"line":1,"column":26}},"1":{"start":{"line":2,"column":17},"end":{"line":2,"column":36}},"2":{"start":{"line":3,"column":24},"end":{"line":3,"column":42}},"3":{"start":{"line":5,"column":20},"end":{"line":29,"column":2}},"4":{"start":{"line":31,"column":14},"end":{"line":31,"column":50}},"5":{"start":{"line":34,"column":17},"end":{"line":38,"column":4}},"6":{"start":{"line":39,"column":2},"end":{"line":39,"column":32}},"7":{"start":{"line":42,"column":0},"end":{"line":42,"column":29}},"8":{"start":{"line":43,"column":0},"end":{"line":43,"column":40}}},"fnMap":{"0":{"name":"validateMovie","decl":{"start":{"line":33,"column":9},"end":{"line":33,"column":22}},"loc":{"start":{"line":33,"column":30},"end":{"line":40,"column":1}},"line":33}},"branchMap":{},"s":{"0":3,"1":3,"2":3,"3":3,"4":3,"5":0,"6":0,"7":3,"8":3},"f":{"0":0},"b":{},"_coverageSchema":"332fd63041d2c1bcb487cc26dd0d5f7d97098a6c","hash":"21494c7c380bda872532041de570e6c54c98123e"}
,"C:\\Users\\Raizo\\Vidly\\models\\rental.js": {"path":"C:\\Users\\Raizo\\Vidly\\models\\rental.js","statementMap":{"0":{"start":{"line":1,"column":12},"end":{"line":1,"column":26}},"1":{"start":{"line":2,"column":17},"end":{"line":2,"column":36}},"2":{"start":{"line":3,"column":15},"end":{"line":3,"column":32}},"3":{"start":{"line":5,"column":21},"end":{"line":57,"column":2}},"4":{"start":{"line":59,"column":0},"end":{"line":64,"column":2}},"5":{"start":{"line":60,"column":2},"end":{"line":63,"column":5}},"6":{"start":{"line":66,"column":0},"end":{"line":71,"column":2}},"7":{"start":{"line":67,"column":2},"end":{"line":67,"column":33}},"8":{"start":{"line":69,"column":21},"end":{"line":69,"column":56}},"9":{"start":{"line":70,"column":2},"end":{"line":70,"column":59}},"10":{"start":{"line":73,"column":15},"end":{"line":73,"column":53}},"11":{"start":{"line":76,"column":17},"end":{"line":79,"column":4}},"12":{"start":{"line":80,"column":2},"end":{"line":80,"column":33}},"13":{"start":{"line":83,"column":0},"end":{"line":83,"column":31}},"14":{"start":{"line":84,"column":0},"end":{"line":84,"column":41}}},"fnMap":{"0":{"name":"(anonymous_0)","decl":{"start":{"line":59,"column":30},"end":{"line":59,"column":31}},"loc":{"start":{"line":59,"column":61},"end":{"line":64,"column":1}},"line":59},"1":{"name":"(anonymous_1)","decl":{"start":{"line":66,"column":30},"end":{"line":66,"column":31}},"loc":{"start":{"line":66,"column":42},"end":{"line":71,"column":1}},"line":66},"2":{"name":"validateRental","decl":{"start":{"line":75,"column":9},"end":{"line":75,"column":23}},"loc":{"start":{"line":75,"column":32},"end":{"line":81,"column":1}},"line":75}},"branchMap":{},"s":{"0":3,"1":3,"2":3,"3":3,"4":3,"5":7,"6":3,"7":5,"8":5,"9":5,"10":3,"11":0,"12":0,"13":3,"14":3},"f":{"0":7,"1":5,"2":0},"b":{},"_coverageSchema":"332fd63041d2c1bcb487cc26dd0d5f7d97098a6c","hash":"76a8ca673a782832e994e4d4bddfcff7f5b45435"}
,"C:\\Users\\Raizo\\Vidly\\models\\user.js": {"path":"C:\\Users\\Raizo\\Vidly\\models\\user.js","statementMap":{"0":{"start":{"line":1,"column":15},"end":{"line":1,"column":32}},"1":{"start":{"line":2,"column":12},"end":{"line":2,"column":35}},"2":{"start":{"line":3,"column":27},"end":{"line":3,"column":61}},"3":{"start":{"line":4,"column":12},"end":{"line":4,"column":26}},"4":{"start":{"line":5,"column":17},"end":{"line":5,"column":36}},"5":{"start":{"line":7,"column":26},"end":{"line":15,"column":1}},"6":{"start":{"line":17,"column":19},"end":{"line":38,"column":2}},"7":{"start":{"line":40,"column":0},"end":{"line":46,"column":2}},"8":{"start":{"line":41,"column":16},"end":{"line":44,"column":3}},"9":{"start":{"line":45,"column":2},"end":{"line":45,"column":15}},"10":{"start":{"line":48,"column":13},"end":{"line":48,"column":47}},"11":{"start":{"line":51,"column":17},"end":{"line":55,"column":4}},"12":{"start":{"line":57,"column":2},"end":{"line":57,"column":31}},"13":{"start":{"line":60,"column":0},"end":{"line":60,"column":27}},"14":{"start":{"line":61,"column":0},"end":{"line":61,"column":39}}},"fnMap":{"0":{"name":"(anonymous_0)","decl":{"start":{"line":40,"column":39},"end":{"line":40,"column":40}},"loc":{"start":{"line":40,"column":51},"end":{"line":46,"column":1}},"line":40},"1":{"name":"validateUser","decl":{"start":{"line":50,"column":9},"end":{"line":50,"column":21}},"loc":{"start":{"line":50,"column":28},"end":{"line":58,"column":1}},"line":50}},"branchMap":{},"s":{"0":5,"1":5,"2":5,"3":5,"4":5,"5":5,"6":5,"7":5,"8":33,"9":33,"10":5,"11":0,"12":0,"13":5,"14":5},"f":{"0":33,"1":0},"b":{},"_coverageSchema":"332fd63041d2c1bcb487cc26dd0d5f7d97098a6c","hash":"fee93c08676104a8477523a21f2f792dc326c7f1"}
,"C:\\Users\\Raizo\\Vidly\\routes\\auth.js": {"path":"C:\\Users\\Raizo\\Vidly\\routes\\auth.js","statementMap":{"0":{"start":{"line":1,"column":12},"end":{"line":1,"column":26}},"1":{"start":{"line":2,"column":27},"end":{"line":2,"column":61}},"2":{"start":{"line":3,"column":15},"end":{"line":3,"column":32}},"3":{"start":{"line":4,"column":10},"end":{"line":4,"column":27}},"4":{"start":{"line":5,"column":17},"end":{"line":5,"column":42}},"5":{"start":{"line":6,"column":17},"end":{"line":6,"column":36}},"6":{"start":{"line":7,"column":16},"end":{"line":7,"column":34}},"7":{"start":{"line":8,"column":15},"end":{"line":8,"column":31}},"8":{"start":{"line":10,"column":26},"end":{"line":18,"column":1}},"9":{"start":{"line":20,"column":0},"end":{"line":32,"column":3}},"10":{"start":{"line":21,"column":20},"end":{"line":21,"column":38}},"11":{"start":{"line":22,"column":2},"end":{"line":22,"column":56}},"12":{"start":{"line":22,"column":13},"end":{"line":22,"column":56}},"13":{"start":{"line":24,"column":13},"end":{"line":24,"column":58}},"14":{"start":{"line":25,"column":2},"end":{"line":25,"column":71}},"15":{"start":{"line":25,"column":13},"end":{"line":25,"column":71}},"16":{"start":{"line":27,"column":24},"end":{"line":27,"column":78}},"17":{"start":{"line":28,"column":2},"end":{"line":28,"column":80}},"18":{"start":{"line":28,"column":22},"end":{"line":28,"column":80}},"19":{"start":{"line":30,"column":16},"end":{"line":30,"column":40}},"20":{"start":{"line":31,"column":2},"end":{"line":31,"column":18}},"21":{"start":{"line":35,"column":17},"end":{"line":38,"column":4}},"22":{"start":{"line":40,"column":2},"end":{"line":40,"column":30}},"23":{"start":{"line":43,"column":0},"end":{"line":43,"column":24}}},"fnMap":{"0":{"name":"(anonymous_0)","decl":{"start":{"line":20,"column":17},"end":{"line":20,"column":18}},"loc":{"start":{"line":20,"column":37},"end":{"line":32,"column":1}},"line":20},"1":{"name":"validate","decl":{"start":{"line":34,"column":9},"end":{"line":34,"column":17}},"loc":{"start":{"line":34,"column":23},"end":{"line":41,"column":1}},"line":34}},"branchMap":{"0":{"loc":{"start":{"line":22,"column":2},"end":{"line":22,"column":56}},"type":"if","locations":[{"start":{"line":22,"column":2},"end":{"line":22,"column":56}},{"start":{"line":22,"column":2},"end":{"line":22,"column":56}}],"line":22},"1":{"loc":{"start":{"line":25,"column":2},"end":{"line":25,"column":71}},"type":"if","locations":[{"start":{"line":25,"column":2},"end":{"line":25,"column":71}},{"start":{"line":25,"column":2},"end":{"line":25,"column":71}}],"line":25},"2":{"loc":{"start":{"line":28,"column":2},"end":{"line":28,"column":80}},"type":"if","locations":[{"start":{"line":28,"column":2},"end":{"line":28,"column":80}},{"start":{"line":28,"column":2},"end":{"line":28,"column":80}}],"line":28}},"s":{"0":3,"1":3,"2":3,"3":3,"4":3,"5":3,"6":3,"7":3,"8":3,"9":3,"10":0,"11":0,"12":0,"13":0,"14":0,"15":0,"16":0,"17":0,"18":0,"19":0,"20":0,"21":0,"22":0,"23":3},"f":{"0":0,"1":0},"b":{"0":[0,0],"1":[0,0],"2":[0,0]},"_coverageSchema":"332fd63041d2c1bcb487cc26dd0d5f7d97098a6c","hash":"11518e937edb7fdb7dc59a4f4c5286ab654bf2d3"}
,"C:\\Users\\Raizo\\Vidly\\routes\\customers.js": {"path":"C:\\Users\\Raizo\\Vidly\\routes\\customers.js","statementMap":{"0":{"start":{"line":1,"column":31},"end":{"line":1,"column":60}},"1":{"start":{"line":2,"column":17},"end":{"line":2,"column":36}},"2":{"start":{"line":3,"column":16},"end":{"line":3,"column":34}},"3":{"start":{"line":4,"column":15},"end":{"line":4,"column":31}},"4":{"start":{"line":6,"column":0},"end":{"line":10,"column":3}},"5":{"start":{"line":7,"column":20},"end":{"line":7,"column":54}},"6":{"start":{"line":9,"column":2},"end":{"line":9,"column":22}},"7":{"start":{"line":12,"column":0},"end":{"line":21,"column":3}},"8":{"start":{"line":13,"column":19},"end":{"line":13,"column":57}},"9":{"start":{"line":15,"column":2},"end":{"line":18,"column":67}},"10":{"start":{"line":16,"column":4},"end":{"line":18,"column":67}},"11":{"start":{"line":20,"column":2},"end":{"line":20,"column":21}},"12":{"start":{"line":23,"column":0},"end":{"line":35,"column":3}},"13":{"start":{"line":24,"column":20},"end":{"line":24,"column":43}},"14":{"start":{"line":25,"column":2},"end":{"line":25,"column":56}},"15":{"start":{"line":25,"column":13},"end":{"line":25,"column":56}},"16":{"start":{"line":27,"column":19},"end":{"line":31,"column":4}},"17":{"start":{"line":32,"column":2},"end":{"line":32,"column":35}},"18":{"start":{"line":34,"column":2},"end":{"line":34,"column":21}},"19":{"start":{"line":37,"column":0},"end":{"line":51,"column":3}},"20":{"start":{"line":38,"column":20},"end":{"line":38,"column":43}},"21":{"start":{"line":39,"column":2},"end":{"line":39,"column":56}},"22":{"start":{"line":39,"column":13},"end":{"line":39,"column":56}},"23":{"start":{"line":41,"column":19},"end":{"line":45,"column":3}},"24":{"start":{"line":47,"column":2},"end":{"line":48,"column":73}},"25":{"start":{"line":48,"column":4},"end":{"line":48,"column":73}},"26":{"start":{"line":50,"column":2},"end":{"line":50,"column":21}},"27":{"start":{"line":53,"column":0},"end":{"line":60,"column":3}},"28":{"start":{"line":54,"column":19},"end":{"line":54,"column":66}},"29":{"start":{"line":56,"column":2},"end":{"line":57,"column":78}},"30":{"start":{"line":57,"column":4},"end":{"line":57,"column":78}},"31":{"start":{"line":59,"column":2},"end":{"line":59,"column":21}},"32":{"start":{"line":62,"column":0},"end":{"line":62,"column":24}}},"fnMap":{"0":{"name":"(anonymous_0)","decl":{"start":{"line":6,"column":16},"end":{"line":6,"column":17}},"loc":{"start":{"line":6,"column":36},"end":{"line":10,"column":1}},"line":6},"1":{"name":"(anonymous_1)","decl":{"start":{"line":12,"column":19},"end":{"line":12,"column":20}},"loc":{"start":{"line":12,"column":39},"end":{"line":21,"column":1}},"line":12},"2":{"name":"(anonymous_2)","decl":{"start":{"line":23,"column":17},"end":{"line":23,"column":18}},"loc":{"start":{"line":23,"column":37},"end":{"line":35,"column":1}},"line":23},"3":{"name":"(anonymous_3)","decl":{"start":{"line":37,"column":19},"end":{"line":37,"column":20}},"loc":{"start":{"line":37,"column":39},"end":{"line":51,"column":1}},"line":37},"4":{"name":"(anonymous_4)","decl":{"start":{"line":53,"column":22},"end":{"line":53,"column":23}},"loc":{"start":{"line":53,"column":42},"end":{"line":60,"column":1}},"line":53}},"branchMap":{"0":{"loc":{"start":{"line":15,"column":2},"end":{"line":18,"column":67}},"type":"if","locations":[{"start":{"line":15,"column":2},"end":{"line":18,"column":67}},{"start":{"line":15,"column":2},"end":{"line":18,"column":67}}],"line":15},"1":{"loc":{"start":{"line":25,"column":2},"end":{"line":25,"column":56}},"type":"if","locations":[{"start":{"line":25,"column":2},"end":{"line":25,"column":56}},{"start":{"line":25,"column":2},"end":{"line":25,"column":56}}],"line":25},"2":{"loc":{"start":{"line":39,"column":2},"end":{"line":39,"column":56}},"type":"if","locations":[{"start":{"line":39,"column":2},"end":{"line":39,"column":56}},{"start":{"line":39,"column":2},"end":{"line":39,"column":56}}],"line":39},"3":{"loc":{"start":{"line":47,"column":2},"end":{"line":48,"column":73}},"type":"if","locations":[{"start":{"line":47,"column":2},"end":{"line":48,"column":73}},{"start":{"line":47,"column":2},"end":{"line":48,"column":73}}],"line":47},"4":{"loc":{"start":{"line":56,"column":2},"end":{"line":57,"column":78}},"type":"if","locations":[{"start":{"line":56,"column":2},"end":{"line":57,"column":78}},{"start":{"line":56,"column":2},"end":{"line":57,"column":78}}],"line":56}},"s":{"0":3,"1":3,"2":3,"3":3,"4":3,"5":0,"6":0,"7":3,"8":0,"9":0,"10":0,"11":0,"12":3,"13":0,"14":0,"15":0,"16":0,"17":0,"18":0,"19":3,"20":0,"21":0,"22":0,"23":0,"24":0,"25":0,"26":0,"27":3,"28":0,"29":0,"30":0,"31":0,"32":3},"f":{"0":0,"1":0,"2":0,"3":0,"4":0},"b":{"0":[0,0],"1":[0,0],"2":[0,0],"3":[0,0],"4":[0,0]},"_coverageSchema":"332fd63041d2c1bcb487cc26dd0d5f7d97098a6c","hash":"b0a6cee545a6d75a8fa49d75dfc16d57044fa5bb"}
,"C:\\Users\\Raizo\\Vidly\\routes\\genres.js": {"path":"C:\\Users\\Raizo\\Vidly\\routes\\genres.js","statementMap":{"0":{"start":{"line":1,"column":25},"end":{"line":1,"column":66}},"1":{"start":{"line":2,"column":13},"end":{"line":2,"column":42}},"2":{"start":{"line":3,"column":14},"end":{"line":3,"column":44}},"3":{"start":{"line":4,"column":28},"end":{"line":4,"column":54}},"4":{"start":{"line":5,"column":17},"end":{"line":5,"column":36}},"5":{"start":{"line":6,"column":16},"end":{"line":6,"column":34}},"6":{"start":{"line":7,"column":15},"end":{"line":7,"column":31}},"7":{"start":{"line":9,"column":0},"end":{"line":13,"column":3}},"8":{"start":{"line":10,"column":17},"end":{"line":10,"column":48}},"9":{"start":{"line":12,"column":2},"end":{"line":12,"column":19}},"10":{"start":{"line":15,"column":0},"end":{"line":24,"column":3}},"11":{"start":{"line":16,"column":16},"end":{"line":16,"column":51}},"12":{"start":{"line":18,"column":2},"end":{"line":21,"column":67}},"13":{"start":{"line":19,"column":4},"end":{"line":21,"column":67}},"14":{"start":{"line":23,"column":2},"end":{"line":23,"column":18}},"15":{"start":{"line":26,"column":0},"end":{"line":34,"column":3}},"16":{"start":{"line":27,"column":20},"end":{"line":27,"column":43}},"17":{"start":{"line":28,"column":2},"end":{"line":28,"column":56}},"18":{"start":{"line":28,"column":13},"end":{"line":28,"column":56}},"19":{"start":{"line":30,"column":14},"end":{"line":30,"column":48}},"20":{"start":{"line":31,"column":2},"end":{"line":31,"column":29}},"21":{"start":{"line":33,"column":2},"end":{"line":33,"column":18}},"22":{"start":{"line":36,"column":0},"end":{"line":50,"column":3}},"23":{"start":{"line":37,"column":20},"end":{"line":37,"column":43}},"24":{"start":{"line":38,"column":2},"end":{"line":38,"column":56}},"25":{"start":{"line":38,"column":13},"end":{"line":38,"column":56}},"26":{"start":{"line":40,"column":16},"end":{"line":44,"column":3}},"27":{"start":{"line":46,"column":2},"end":{"line":47,"column":73}},"28":{"start":{"line":47,"column":4},"end":{"line":47,"column":73}},"29":{"start":{"line":49,"column":2},"end":{"line":49,"column":18}},"30":{"start":{"line":52,"column":0},"end":{"line":59,"column":3}},"31":{"start":{"line":53,"column":16},"end":{"line":53,"column":60}},"32":{"start":{"line":55,"column":2},"end":{"line":56,"column":78}},"33":{"start":{"line":56,"column":4},"end":{"line":56,"column":78}},"34":{"start":{"line":58,"column":2},"end":{"line":58,"column":18}},"35":{"start":{"line":61,"column":0},"end":{"line":61,"column":24}}},"fnMap":{"0":{"name":"(anonymous_0)","decl":{"start":{"line":9,"column":16},"end":{"line":9,"column":17}},"loc":{"start":{"line":9,"column":36},"end":{"line":13,"column":1}},"line":9},"1":{"name":"(anonymous_1)","decl":{"start":{"line":15,"column":37},"end":{"line":15,"column":38}},"loc":{"start":{"line":15,"column":57},"end":{"line":24,"column":1}},"line":15},"2":{"name":"(anonymous_2)","decl":{"start":{"line":26,"column":23},"end":{"line":26,"column":24}},"loc":{"start":{"line":26,"column":43},"end":{"line":34,"column":1}},"line":26},"3":{"name":"(anonymous_3)","decl":{"start":{"line":36,"column":45},"end":{"line":36,"column":46}},"loc":{"start":{"line":36,"column":65},"end":{"line":50,"column":1}},"line":36},"4":{"name":"(anonymous_4)","decl":{"start":{"line":52,"column":55},"end":{"line":52,"column":56}},"loc":{"start":{"line":52,"column":75},"end":{"line":59,"column":1}},"line":52}},"branchMap":{"0":{"loc":{"start":{"line":18,"column":2},"end":{"line":21,"column":67}},"type":"if","locations":[{"start":{"line":18,"column":2},"end":{"line":21,"column":67}},{"start":{"line":18,"column":2},"end":{"line":21,"column":67}}],"line":18},"1":{"loc":{"start":{"line":28,"column":2},"end":{"line":28,"column":56}},"type":"if","locations":[{"start":{"line":28,"column":2},"end":{"line":28,"column":56}},{"start":{"line":28,"column":2},"end":{"line":28,"column":56}}],"line":28},"2":{"loc":{"start":{"line":38,"column":2},"end":{"line":38,"column":56}},"type":"if","locations":[{"start":{"line":38,"column":2},"end":{"line":38,"column":56}},{"start":{"line":38,"column":2},"end":{"line":38,"column":56}}],"line":38},"3":{"loc":{"start":{"line":46,"column":2},"end":{"line":47,"column":73}},"type":"if","locations":[{"start":{"line":46,"column":2},"end":{"line":47,"column":73}},{"start":{"line":46,"column":2},"end":{"line":47,"column":73}}],"line":46},"4":{"loc":{"start":{"line":55,"column":2},"end":{"line":56,"column":78}},"type":"if","locations":[{"start":{"line":55,"column":2},"end":{"line":56,"column":78}},{"start":{"line":55,"column":2},"end":{"line":56,"column":78}}],"line":55}},"s":{"0":3,"1":3,"2":3,"3":3,"4":3,"5":3,"6":3,"7":3,"8":1,"9":1,"10":3,"11":2,"12":2,"13":1,"14":1,"15":3,"16":5,"17":5,"18":2,"19":3,"20":3,"21":3,"22":3,"23":5,"24":5,"25":2,"26":3,"27":3,"28":1,"29":2,"30":3,"31":2,"32":2,"33":0,"34":2,"35":3},"f":{"0":1,"1":2,"2":5,"3":5,"4":2},"b":{"0":[1,1],"1":[2,3],"2":[2,3],"3":[1,2],"4":[0,2]},"_coverageSchema":"332fd63041d2c1bcb487cc26dd0d5f7d97098a6c","hash":"1f7326ea056ce9a70417782626522c0104a423e3"}
,"C:\\Users\\Raizo\\Vidly\\routes\\movies.js": {"path":"C:\\Users\\Raizo\\Vidly\\routes\\movies.js","statementMap":{"0":{"start":{"line":1,"column":28},"end":{"line":1,"column":54}},"1":{"start":{"line":2,"column":18},"end":{"line":2,"column":44}},"2":{"start":{"line":3,"column":17},"end":{"line":3,"column":36}},"3":{"start":{"line":4,"column":16},"end":{"line":4,"column":34}},"4":{"start":{"line":5,"column":15},"end":{"line":5,"column":31}},"5":{"start":{"line":7,"column":0},"end":{"line":11,"column":3}},"6":{"start":{"line":8,"column":17},"end":{"line":8,"column":48}},"7":{"start":{"line":10,"column":2},"end":{"line":10,"column":19}},"8":{"start":{"line":13,"column":0},"end":{"line":33,"column":3}},"9":{"start":{"line":14,"column":20},"end":{"line":14,"column":38}},"10":{"start":{"line":15,"column":2},"end":{"line":15,"column":56}},"11":{"start":{"line":15,"column":13},"end":{"line":15,"column":56}},"12":{"start":{"line":17,"column":16},"end":{"line":17,"column":54}},"13":{"start":{"line":18,"column":2},"end":{"line":18,"column":59}},"14":{"start":{"line":18,"column":14},"end":{"line":18,"column":59}},"15":{"start":{"line":20,"column":16},"end":{"line":28,"column":4}},"16":{"start":{"line":30,"column":2},"end":{"line":30,"column":29}},"17":{"start":{"line":32,"column":2},"end":{"line":32,"column":18}},"18":{"start":{"line":35,"column":0},"end":{"line":56,"column":3}},"19":{"start":{"line":36,"column":20},"end":{"line":36,"column":38}},"20":{"start":{"line":37,"column":2},"end":{"line":37,"column":56}},"21":{"start":{"line":37,"column":13},"end":{"line":37,"column":56}},"22":{"start":{"line":39,"column":16},"end":{"line":51,"column":3}},"23":{"start":{"line":52,"column":2},"end":{"line":53,"column":77}},"24":{"start":{"line":53,"column":4},"end":{"line":53,"column":77}},"25":{"start":{"line":55,"column":2},"end":{"line":55,"column":18}},"26":{"start":{"line":58,"column":0},"end":{"line":65,"column":3}},"27":{"start":{"line":59,"column":16},"end":{"line":59,"column":60}},"28":{"start":{"line":61,"column":2},"end":{"line":62,"column":73}},"29":{"start":{"line":62,"column":4},"end":{"line":62,"column":73}},"30":{"start":{"line":64,"column":2},"end":{"line":64,"column":18}},"31":{"start":{"line":67,"column":0},"end":{"line":74,"column":3}},"32":{"start":{"line":68,"column":16},"end":{"line":68,"column":53}},"33":{"start":{"line":70,"column":2},"end":{"line":71,"column":73}},"34":{"start":{"line":71,"column":4},"end":{"line":71,"column":73}},"35":{"start":{"line":73,"column":2},"end":{"line":73,"column":18}},"36":{"start":{"line":76,"column":0},"end":{"line":76,"column":24}}},"fnMap":{"0":{"name":"(anonymous_0)","decl":{"start":{"line":7,"column":16},"end":{"line":7,"column":17}},"loc":{"start":{"line":7,"column":36},"end":{"line":11,"column":1}},"line":7},"1":{"name":"(anonymous_1)","decl":{"start":{"line":13,"column":17},"end":{"line":13,"column":18}},"loc":{"start":{"line":13,"column":37},"end":{"line":33,"column":1}},"line":13},"2":{"name":"(anonymous_2)","decl":{"start":{"line":35,"column":19},"end":{"line":35,"column":20}},"loc":{"start":{"line":35,"column":39},"end":{"line":56,"column":1}},"line":35},"3":{"name":"(anonymous_3)","decl":{"start":{"line":58,"column":22},"end":{"line":58,"column":23}},"loc":{"start":{"line":58,"column":42},"end":{"line":65,"column":1}},"line":58},"4":{"name":"(anonymous_4)","decl":{"start":{"line":67,"column":19},"end":{"line":67,"column":20}},"loc":{"start":{"line":67,"column":39},"end":{"line":74,"column":1}},"line":67}},"branchMap":{"0":{"loc":{"start":{"line":15,"column":2},"end":{"line":15,"column":56}},"type":"if","locations":[{"start":{"line":15,"column":2},"end":{"line":15,"column":56}},{"start":{"line":15,"column":2},"end":{"line":15,"column":56}}],"line":15},"1":{"loc":{"start":{"line":18,"column":2},"end":{"line":18,"column":59}},"type":"if","locations":[{"start":{"line":18,"column":2},"end":{"line":18,"column":59}},{"start":{"line":18,"column":2},"end":{"line":18,"column":59}}],"line":18},"2":{"loc":{"start":{"line":37,"column":2},"end":{"line":37,"column":56}},"type":"if","locations":[{"start":{"line":37,"column":2},"end":{"line":37,"column":56}},{"start":{"line":37,"column":2},"end":{"line":37,"column":56}}],"line":37},"3":{"loc":{"start":{"line":52,"column":2},"end":{"line":53,"column":77}},"type":"if","locations":[{"start":{"line":52,"column":2},"end":{"line":53,"column":77}},{"start":{"line":52,"column":2},"end":{"line":53,"column":77}}],"line":52},"4":{"loc":{"start":{"line":61,"column":2},"end":{"line":62,"column":73}},"type":"if","locations":[{"start":{"line":61,"column":2},"end":{"line":62,"column":73}},{"start":{"line":61,"column":2},"end":{"line":62,"column":73}}],"line":61},"5":{"loc":{"start":{"line":70,"column":2},"end":{"line":71,"column":73}},"type":"if","locations":[{"start":{"line":70,"column":2},"end":{"line":71,"column":73}},{"start":{"line":70,"column":2},"end":{"line":71,"column":73}}],"line":70}},"s":{"0":3,"1":3,"2":3,"3":3,"4":3,"5":3,"6":0,"7":0,"8":3,"9":0,"10":0,"11":0,"12":0,"13":0,"14":0,"15":0,"16":0,"17":0,"18":3,"19":0,"20":0,"21":0,"22":0,"23":0,"24":0,"25":0,"26":3,"27":0,"28":0,"29":0,"30":0,"31":3,"32":0,"33":0,"34":0,"35":0,"36":3},"f":{"0":0,"1":0,"2":0,"3":0,"4":0},"b":{"0":[0,0],"1":[0,0],"2":[0,0],"3":[0,0],"4":[0,0],"5":[0,0]},"_coverageSchema":"332fd63041d2c1bcb487cc26dd0d5f7d97098a6c","hash":"22d5fdb9cc6050b1b74d7c8bb9aa5094994c2f41"}
,"C:\\Users\\Raizo\\Vidly\\routes\\rentals.js": {"path":"C:\\Users\\Raizo\\Vidly\\routes\\rentals.js","statementMap":{"0":{"start":{"line":1,"column":29},"end":{"line":1,"column":56}},"1":{"start":{"line":2,"column":18},"end":{"line":2,"column":44}},"2":{"start":{"line":3,"column":21},"end":{"line":3,"column":50}},"3":{"start":{"line":4,"column":17},"end":{"line":4,"column":36}},"4":{"start":{"line":5,"column":13},"end":{"line":5,"column":28}},"5":{"start":{"line":6,"column":16},"end":{"line":6,"column":34}},"6":{"start":{"line":7,"column":15},"end":{"line":7,"column":31}},"7":{"start":{"line":9,"column":0},"end":{"line":9,"column":20}},"8":{"start":{"line":11,"column":0},"end":{"line":15,"column":3}},"9":{"start":{"line":12,"column":18},"end":{"line":12,"column":54}},"10":{"start":{"line":14,"column":2},"end":{"line":14,"column":20}},"11":{"start":{"line":17,"column":0},"end":{"line":53,"column":3}},"12":{"start":{"line":18,"column":20},"end":{"line":18,"column":38}},"13":{"start":{"line":19,"column":2},"end":{"line":19,"column":56}},"14":{"start":{"line":19,"column":13},"end":{"line":19,"column":56}},"15":{"start":{"line":21,"column":19},"end":{"line":21,"column":63}},"16":{"start":{"line":22,"column":2},"end":{"line":22,"column":66}},"17":{"start":{"line":22,"column":17},"end":{"line":22,"column":66}},"18":{"start":{"line":24,"column":16},"end":{"line":24,"column":54}},"19":{"start":{"line":25,"column":2},"end":{"line":25,"column":60}},"20":{"start":{"line":25,"column":14},"end":{"line":25,"column":60}},"21":{"start":{"line":27,"column":2},"end":{"line":28,"column":55}},"22":{"start":{"line":28,"column":4},"end":{"line":28,"column":55}},"23":{"start":{"line":30,"column":15},"end":{"line":41,"column":4}},"24":{"start":{"line":43,"column":2},"end":{"line":52,"column":3}},"25":{"start":{"line":44,"column":4},"end":{"line":47,"column":13}},"26":{"start":{"line":49,"column":4},"end":{"line":49,"column":21}},"27":{"start":{"line":51,"column":4},"end":{"line":51,"column":45}},"28":{"start":{"line":55,"column":0},"end":{"line":55,"column":24}}},"fnMap":{"0":{"name":"(anonymous_0)","decl":{"start":{"line":11,"column":16},"end":{"line":11,"column":17}},"loc":{"start":{"line":11,"column":36},"end":{"line":15,"column":1}},"line":11},"1":{"name":"(anonymous_1)","decl":{"start":{"line":17,"column":17},"end":{"line":17,"column":18}},"loc":{"start":{"line":17,"column":37},"end":{"line":53,"column":1}},"line":17}},"branchMap":{"0":{"loc":{"start":{"line":19,"column":2},"end":{"line":19,"column":56}},"type":"if","locations":[{"start":{"line":19,"column":2},"end":{"line":19,"column":56}},{"start":{"line":19,"column":2},"end":{"line":19,"column":56}}],"line":19},"1":{"loc":{"start":{"line":22,"column":2},"end":{"line":22,"column":66}},"type":"if","locations":[{"start":{"line":22,"column":2},"end":{"line":22,"column":66}},{"start":{"line":22,"column":2},"end":{"line":22,"column":66}}],"line":22},"2":{"loc":{"start":{"line":25,"column":2},"end":{"line":25,"column":60}},"type":"if","locations":[{"start":{"line":25,"column":2},"end":{"line":25,"column":60}},{"start":{"line":25,"column":2},"end":{"line":25,"column":60}}],"line":25},"3":{"loc":{"start":{"line":27,"column":2},"end":{"line":28,"column":55}},"type":"if","locations":[{"start":{"line":27,"column":2},"end":{"line":28,"column":55}},{"start":{"line":27,"column":2},"end":{"line":28,"column":55}}],"line":27}},"s":{"0":3,"1":3,"2":3,"3":3,"4":3,"5":3,"6":3,"7":3,"8":3,"9":0,"10":0,"11":3,"12":0,"13":0,"14":0,"15":0,"16":0,"17":0,"18":0,"19":0,"20":0,"21":0,"22":0,"23":0,"24":0,"25":0,"26":0,"27":0,"28":3},"f":{"0":0,"1":0},"b":{"0":[0,0],"1":[0,0],"2":[0,0],"3":[0,0]},"_coverageSchema":"332fd63041d2c1bcb487cc26dd0d5f7d97098a6c","hash":"899254dac9abf0cc77a1a950f37c83043e6e2590"}
,"C:\\Users\\Raizo\\Vidly\\routes\\returns.js": {"path":"C:\\Users\\Raizo\\Vidly\\routes\\returns.js","statementMap":{"0":{"start":{"line":1,"column":12},"end":{"line":1,"column":26}},"1":{"start":{"line":2,"column":17},"end":{"line":2,"column":50}},"2":{"start":{"line":3,"column":13},"end":{"line":3,"column":42}},"3":{"start":{"line":4,"column":19},"end":{"line":4,"column":46}},"4":{"start":{"line":5,"column":18},"end":{"line":5,"column":44}},"5":{"start":{"line":6,"column":16},"end":{"line":6,"column":34}},"6":{"start":{"line":7,"column":15},"end":{"line":7,"column":31}},"7":{"start":{"line":9,"column":0},"end":{"line":23,"column":3}},"8":{"start":{"line":10,"column":17},"end":{"line":10,"column":75}},"9":{"start":{"line":12,"column":2},"end":{"line":12,"column":64}},"10":{"start":{"line":12,"column":15},"end":{"line":12,"column":64}},"11":{"start":{"line":14,"column":2},"end":{"line":15,"column":61}},"12":{"start":{"line":15,"column":4},"end":{"line":15,"column":61}},"13":{"start":{"line":17,"column":2},"end":{"line":17,"column":18}},"14":{"start":{"line":18,"column":2},"end":{"line":18,"column":22}},"15":{"start":{"line":20,"column":2},"end":{"line":20,"column":80}},"16":{"start":{"line":22,"column":2},"end":{"line":22,"column":38}},"17":{"start":{"line":26,"column":17},"end":{"line":29,"column":4}},"18":{"start":{"line":31,"column":2},"end":{"line":31,"column":30}},"19":{"start":{"line":34,"column":0},"end":{"line":34,"column":24}}},"fnMap":{"0":{"name":"(anonymous_0)","decl":{"start":{"line":9,"column":51},"end":{"line":9,"column":52}},"loc":{"start":{"line":9,"column":71},"end":{"line":23,"column":1}},"line":9},"1":{"name":"validateReturn","decl":{"start":{"line":25,"column":9},"end":{"line":25,"column":23}},"loc":{"start":{"line":25,"column":29},"end":{"line":32,"column":1}},"line":25}},"branchMap":{"0":{"loc":{"start":{"line":12,"column":2},"end":{"line":12,"column":64}},"type":"if","locations":[{"start":{"line":12,"column":2},"end":{"line":12,"column":64}},{"start":{"line":12,"column":2},"end":{"line":12,"column":64}}],"line":12},"1":{"loc":{"start":{"line":14,"column":2},"end":{"line":15,"column":61}},"type":"if","locations":[{"start":{"line":14,"column":2},"end":{"line":15,"column":61}},{"start":{"line":14,"column":2},"end":{"line":15,"column":61}}],"line":14}},"s":{"0":3,"1":3,"2":3,"3":3,"4":3,"5":3,"6":3,"7":3,"8":7,"9":7,"10":1,"11":6,"12":1,"13":5,"14":5,"15":5,"16":5,"17":9,"18":9,"19":3},"f":{"0":7,"1":9},"b":{"0":[1,6],"1":[1,5]},"_coverageSchema":"332fd63041d2c1bcb487cc26dd0d5f7d97098a6c","hash":"21d5904db188814323fd3a3d811768f4de4906cd"}
,"C:\\Users\\Raizo\\Vidly\\routes\\users.js": {"path":"C:\\Users\\Raizo\\Vidly\\routes\\users.js","statementMap":{"0":{"start":{"line":1,"column":13},"end":{"line":1,"column":42}},"1":{"start":{"line":2,"column":12},"end":{"line":2,"column":35}},"2":{"start":{"line":3,"column":15},"end":{"line":3,"column":32}},"3":{"start":{"line":4,"column":15},"end":{"line":4,"column":32}},"4":{"start":{"line":5,"column":10},"end":{"line":5,"column":27}},"5":{"start":{"line":6,"column":27},"end":{"line":6,"column":52}},"6":{"start":{"line":7,"column":17},"end":{"line":7,"column":36}},"7":{"start":{"line":8,"column":16},"end":{"line":8,"column":34}},"8":{"start":{"line":9,"column":15},"end":{"line":9,"column":31}},"9":{"start":{"line":11,"column":0},"end":{"line":14,"column":3}},"10":{"start":{"line":12,"column":15},"end":{"line":12,"column":68}},"11":{"start":{"line":13,"column":2},"end":{"line":13,"column":17}},"12":{"start":{"line":16,"column":0},"end":{"line":34,"column":3}},"13":{"start":{"line":17,"column":20},"end":{"line":17,"column":38}},"14":{"start":{"line":18,"column":2},"end":{"line":18,"column":56}},"15":{"start":{"line":18,"column":13},"end":{"line":18,"column":56}},"16":{"start":{"line":20,"column":13},"end":{"line":20,"column":58}},"17":{"start":{"line":21,"column":2},"end":{"line":21,"column":68}},"18":{"start":{"line":21,"column":12},"end":{"line":21,"column":68}},"19":{"start":{"line":23,"column":2},"end":{"line":23,"column":67}},"20":{"start":{"line":25,"column":15},"end":{"line":25,"column":39}},"21":{"start":{"line":26,"column":2},"end":{"line":26,"column":57}},"22":{"start":{"line":28,"column":2},"end":{"line":28,"column":20}},"23":{"start":{"line":30,"column":16},"end":{"line":30,"column":40}},"24":{"start":{"line":31,"column":2},"end":{"line":33,"column":50}},"25":{"start":{"line":36,"column":0},"end":{"line":36,"column":24}}},"fnMap":{"0":{"name":"(anonymous_0)","decl":{"start":{"line":11,"column":24},"end":{"line":11,"column":25}},"loc":{"start":{"line":11,"column":44},"end":{"line":14,"column":1}},"line":11},"1":{"name":"(anonymous_1)","decl":{"start":{"line":16,"column":17},"end":{"line":16,"column":18}},"loc":{"start":{"line":16,"column":37},"end":{"line":34,"column":1}},"line":16}},"branchMap":{"0":{"loc":{"start":{"line":18,"column":2},"end":{"line":18,"column":56}},"type":"if","locations":[{"start":{"line":18,"column":2},"end":{"line":18,"column":56}},{"start":{"line":18,"column":2},"end":{"line":18,"column":56}}],"line":18},"1":{"loc":{"start":{"line":21,"column":2},"end":{"line":21,"column":68}},"type":"if","locations":[{"start":{"line":21,"column":2},"end":{"line":21,"column":68}},{"start":{"line":21,"column":2},"end":{"line":21,"column":68}}],"line":21}},"s":{"0":3,"1":3,"2":3,"3":3,"4":3,"5":3,"6":3,"7":3,"8":3,"9":3,"10":0,"11":0,"12":3,"13":0,"14":0,"15":0,"16":0,"17":0,"18":0,"19":0,"20":0,"21":0,"22":0,"23":0,"24":0,"25":3},"f":{"0":0,"1":0},"b":{"0":[0,0],"1":[0,0]},"_coverageSchema":"332fd63041d2c1bcb487cc26dd0d5f7d97098a6c","hash":"31af5f359657cebce21cf1b1d1f3f85c2e441a40"}
,"C:\\Users\\Raizo\\Vidly\\startup\\config.js": {"path":"C:\\Users\\Raizo\\Vidly\\startup\\config.js","statementMap":{"0":{"start":{"line":1,"column":15},"end":{"line":1,"column":32}},"1":{"start":{"line":3,"column":0},"end":{"line":7,"column":2}},"2":{"start":{"line":4,"column":2},"end":{"line":6,"column":3}},"3":{"start":{"line":5,"column":4},"end":{"line":5,"column":66}}},"fnMap":{"0":{"name":"(anonymous_0)","decl":{"start":{"line":3,"column":17},"end":{"line":3,"column":18}},"loc":{"start":{"line":3,"column":29},"end":{"line":7,"column":1}},"line":3}},"branchMap":{"0":{"loc":{"start":{"line":4,"column":2},"end":{"line":6,"column":3}},"type":"if","locations":[{"start":{"line":4,"column":2},"end":{"line":6,"column":3}},{"start":{"line":4,"column":2},"end":{"line":6,"column":3}}],"line":4}},"s":{"0":3,"1":3,"2":3,"3":0},"f":{"0":3},"b":{"0":[0,3]},"_coverageSchema":"332fd63041d2c1bcb487cc26dd0d5f7d97098a6c","hash":"611e70faed312f5610c734fdb56e0a1b205c3a29"}
,"C:\\Users\\Raizo\\Vidly\\startup\\db.js": {"path":"C:\\Users\\Raizo\\Vidly\\startup\\db.js","statementMap":{"0":{"start":{"line":1,"column":16},"end":{"line":1,"column":34}},"1":{"start":{"line":2,"column":17},"end":{"line":2,"column":36}},"2":{"start":{"line":3,"column":15},"end":{"line":3,"column":32}},"3":{"start":{"line":5,"column":15},"end":{"line":7,"column":2}},"4":{"start":{"line":9,"column":0},"end":{"line":19,"column":2}},"5":{"start":{"line":10,"column":13},"end":{"line":10,"column":29}},"6":{"start":{"line":12,"column":2},"end":{"line":12,"column":39}},"7":{"start":{"line":13,"column":2},"end":{"line":18,"column":54}},"8":{"start":{"line":18,"column":16},"end":{"line":18,"column":52}}},"fnMap":{"0":{"name":"(anonymous_0)","decl":{"start":{"line":9,"column":17},"end":{"line":9,"column":18}},"loc":{"start":{"line":9,"column":29},"end":{"line":19,"column":1}},"line":9},"1":{"name":"(anonymous_1)","decl":{"start":{"line":18,"column":10},"end":{"line":18,"column":11}},"loc":{"start":{"line":18,"column":16},"end":{"line":18,"column":52}},"line":18}},"branchMap":{},"s":{"0":3,"1":3,"2":3,"3":3,"4":3,"5":3,"6":3,"7":3,"8":3},"f":{"0":3,"1":3},"b":{},"_coverageSchema":"332fd63041d2c1bcb487cc26dd0d5f7d97098a6c","hash":"db3f96fb262bc9820fb7df1aebbdc601795dbb44"}
,"C:\\Users\\Raizo\\Vidly\\startup\\logging.js": {"path":"C:\\Users\\Raizo\\Vidly\\startup\\logging.js","statementMap":{"0":{"start":{"line":1,"column":16},"end":{"line":1,"column":34}},"1":{"start":{"line":2,"column":0},"end":{"line":2,"column":32}},"2":{"start":{"line":4,"column":0},"end":{"line":16,"column":2}},"3":{"start":{"line":5,"column":2},"end":{"line":15,"column":5}}},"fnMap":{"0":{"name":"(anonymous_0)","decl":{"start":{"line":4,"column":17},"end":{"line":4,"column":18}},"loc":{"start":{"line":4,"column":29},"end":{"line":16,"column":1}},"line":4}},"branchMap":{},"s":{"0":3,"1":3,"2":3,"3":3},"f":{"0":3},"b":{},"_coverageSchema":"332fd63041d2c1bcb487cc26dd0d5f7d97098a6c","hash":"d3e355a185d9d557e20815548907d7d03a1d5330"}
,"C:\\Users\\Raizo\\Vidly\\startup\\prod.js": {"path":"C:\\Users\\Raizo\\Vidly\\startup\\prod.js","statementMap":{"0":{"start":{"line":1,"column":15},"end":{"line":1,"column":32}},"1":{"start":{"line":2,"column":20},"end":{"line":2,"column":42}},"2":{"start":{"line":4,"column":0},"end":{"line":7,"column":2}},"3":{"start":{"line":5,"column":2},"end":{"line":5,"column":20}},"4":{"start":{"line":6,"column":2},"end":{"line":6,"column":25}}},"fnMap":{"0":{"name":"(anonymous_0)","decl":{"start":{"line":4,"column":17},"end":{"line":4,"column":18}},"loc":{"start":{"line":4,"column":32},"end":{"line":7,"column":1}},"line":4}},"branchMap":{},"s":{"0":3,"1":3,"2":3,"3":3,"4":3},"f":{"0":3},"b":{},"_coverageSchema":"332fd63041d2c1bcb487cc26dd0d5f7d97098a6c","hash":"287546b259f834cbdfc51d602a531a961bdc8f78"}
,"C:\\Users\\Raizo\\Vidly\\startup\\routes.js": {"path":"C:\\Users\\Raizo\\Vidly\\startup\\routes.js","statementMap":{"0":{"start":{"line":1,"column":16},"end":{"line":1,"column":34}},"1":{"start":{"line":2,"column":15},"end":{"line":2,"column":42}},"2":{"start":{"line":3,"column":18},"end":{"line":3,"column":48}},"3":{"start":{"line":4,"column":15},"end":{"line":4,"column":42}},"4":{"start":{"line":5,"column":16},"end":{"line":5,"column":44}},"5":{"start":{"line":6,"column":14},"end":{"line":6,"column":40}},"6":{"start":{"line":7,"column":13},"end":{"line":7,"column":38}},"7":{"start":{"line":8,"column":16},"end":{"line":8,"column":44}},"8":{"start":{"line":9,"column":14},"end":{"line":9,"column":44}},"9":{"start":{"line":11,"column":0},"end":{"line":21,"column":2}},"10":{"start":{"line":12,"column":2},"end":{"line":12,"column":26}},"11":{"start":{"line":13,"column":2},"end":{"line":13,"column":33}},"12":{"start":{"line":14,"column":2},"end":{"line":14,"column":39}},"13":{"start":{"line":15,"column":2},"end":{"line":15,"column":33}},"14":{"start":{"line":16,"column":2},"end":{"line":16,"column":35}},"15":{"start":{"line":17,"column":2},"end":{"line":17,"column":31}},"16":{"start":{"line":18,"column":2},"end":{"line":18,"column":29}},"17":{"start":{"line":19,"column":2},"end":{"line":19,"column":35}},"18":{"start":{"line":20,"column":2},"end":{"line":20,"column":17}}},"fnMap":{"0":{"name":"(anonymous_0)","decl":{"start":{"line":11,"column":17},"end":{"line":11,"column":18}},"loc":{"start":{"line":11,"column":32},"end":{"line":21,"column":1}},"line":11}},"branchMap":{},"s":{"0":3,"1":3,"2":3,"3":3,"4":3,"5":3,"6":3,"7":3,"8":3,"9":3,"10":3,"11":3,"12":3,"13":3,"14":3,"15":3,"16":3,"17":3,"18":3},"f":{"0":3},"b":{},"_coverageSchema":"332fd63041d2c1bcb487cc26dd0d5f7d97098a6c","hash":"87bea5f15f51531cee73a79a30cab16eeb87f167"}
,"C:\\Users\\Raizo\\Vidly\\startup\\validation.js": {"path":"C:\\Users\\Raizo\\Vidly\\startup\\validation.js","statementMap":{"0":{"start":{"line":1,"column":12},"end":{"line":1,"column":26}},"1":{"start":{"line":3,"column":0},"end":{"line":5,"column":2}},"2":{"start":{"line":4,"column":2},"end":{"line":4,"column":46}}},"fnMap":{"0":{"name":"(anonymous_0)","decl":{"start":{"line":3,"column":17},"end":{"line":3,"column":18}},"loc":{"start":{"line":3,"column":29},"end":{"line":5,"column":1}},"line":3}},"branchMap":{},"s":{"0":3,"1":3,"2":3},"f":{"0":3},"b":{},"_coverageSchema":"332fd63041d2c1bcb487cc26dd0d5f7d97098a6c","hash":"b96f2fc0f95b46b8806cac9312005e61ee9c7136"}
}
