TN:
SF:C:\Users\Raizo\Vidly\index.js
FN:18,(anonymous_0)
FNF:1
FNH:1
FNDA:3,(anonymous_0)
DA:1,3
DA:2,3
DA:4,3
DA:6,3
DA:7,3
DA:8,3
DA:9,3
DA:10,3
DA:11,3
DA:13,3
DA:17,3
DA:18,3
DA:20,3
LF:13
LH:13
BRDA:17,0,0,3
BRDA:17,0,1,3
BRF:2
BRH:2
end_of_record
TN:
SF:C:\Users\Raizo\Vidly\middleware\admin.js
FN:1,(anonymous_0)
FNF:1
FNH:1
FNDA:4,(anonymous_0)
DA:1,3
DA:2,4
DA:3,3
LF:3
LH:3
BRDA:2,0,0,1
BRDA:2,0,1,3
BRF:2
BRH:2
end_of_record
TN:
SF:C:\Users\Raizo\Vidly\middleware\auth.js
FN:4,(anonymous_0)
FNF:1
FNH:1
FNDA:31,(anonymous_0)
DA:1,4
DA:2,4
DA:4,4
DA:5,31
DA:6,31
DA:8,26
DA:9,26
DA:10,25
DA:11,25
DA:13,1
LF:10
LH:10
BRDA:6,0,0,5
BRDA:6,0,1,26
BRF:2
BRH:2
end_of_record
TN:
SF:C:\Users\Raizo\Vidly\middleware\error.js
FN:3,(anonymous_0)
FNF:1
FNH:0
FNDA:0,(anonymous_0)
DA:1,3
DA:3,3
DA:4,0
DA:5,0
DA:7,0
LF:5
LH:2
BRF:0
BRH:0
end_of_record
TN:
SF:C:\Users\Raizo\Vidly\middleware\validate.js
FN:1,(anonymous_0)
FN:2,(anonymous_1)
FNF:2
FNH:2
FNDA:3,(anonymous_0)
FNDA:9,(anonymous_1)
DA:1,3
DA:2,3
DA:3,9
DA:4,9
DA:6,7
LF:5
LH:5
BRDA:4,0,0,2
BRDA:4,0,1,7
BRF:2
BRH:2
end_of_record
TN:
SF:C:\Users\Raizo\Vidly\middleware\validateObjectId.js
FN:3,(anonymous_0)
FNF:1
FNH:1
FNDA:12,(anonymous_0)
DA:1,3
DA:3,3
DA:4,12
DA:5,3
DA:7,9
LF:5
LH:5
BRDA:4,0,0,3
BRDA:4,0,1,9
BRF:2
BRH:2
end_of_record
TN:
SF:C:\Users\Raizo\Vidly\models\customer.js
FN:25,validateCustomer
FNF:1
FNH:0
FNDA:0,validateCustomer
DA:1,3
DA:2,3
DA:4,3
DA:23,3
DA:26,0
DA:32,0
DA:35,3
DA:36,3
LF:8
LH:6
BRF:0
BRH:0
end_of_record
TN:
SF:C:\Users\Raizo\Vidly\models\genre.js
FN:15,validateGenre
FNF:1
FNH:1
FNDA:10,validateGenre
DA:1,3
DA:2,3
DA:4,3
DA:13,3
DA:16,10
DA:20,10
DA:23,3
DA:24,3
DA:25,3
LF:9
LH:9
BRF:0
BRH:0
end_of_record
TN:
SF:C:\Users\Raizo\Vidly\models\movie.js
FN:33,validateMovie
FNF:1
FNH:0
FNDA:0,validateMovie
DA:1,3
DA:2,3
DA:3,3
DA:5,3
DA:31,3
DA:34,0
DA:39,0
DA:42,3
DA:43,3
LF:9
LH:7
BRF:0
BRH:0
end_of_record
TN:
SF:C:\Users\Raizo\Vidly\models\rental.js
FN:59,(anonymous_0)
FN:66,(anonymous_1)
FN:75,validateRental
FNF:3
FNH:2
FNDA:7,(anonymous_0)
FNDA:5,(anonymous_1)
FNDA:0,validateRental
DA:1,3
DA:2,3
DA:3,3
DA:5,3
DA:59,3
DA:60,7
DA:66,3
DA:67,5
DA:69,5
DA:70,5
DA:73,3
DA:76,0
DA:80,0
DA:83,3
DA:84,3
LF:15
LH:13
BRF:0
BRH:0
end_of_record
TN:
SF:C:\Users\Raizo\Vidly\models\user.js
FN:40,(anonymous_0)
FN:50,validateUser
FNF:2
FNH:1
FNDA:33,(anonymous_0)
FNDA:0,validateUser
DA:1,5
DA:2,5
DA:3,5
DA:4,5
DA:5,5
DA:7,5
DA:17,5
DA:40,5
DA:41,33
DA:45,33
DA:48,5
DA:51,0
DA:57,0
DA:60,5
DA:61,5
LF:15
LH:13
BRF:0
BRH:0
end_of_record
TN:
SF:C:\Users\Raizo\Vidly\routes\auth.js
FN:20,(anonymous_0)
FN:34,validate
FNF:2
FNH:0
FNDA:0,(anonymous_0)
FNDA:0,validate
DA:1,3
DA:2,3
DA:3,3
DA:4,3
DA:5,3
DA:6,3
DA:7,3
DA:8,3
DA:10,3
DA:20,3
DA:21,0
DA:22,0
DA:24,0
DA:25,0
DA:27,0
DA:28,0
DA:30,0
DA:31,0
DA:35,0
DA:40,0
DA:43,3
LF:21
LH:11
BRDA:22,0,0,0
BRDA:22,0,1,0
BRDA:25,1,0,0
BRDA:25,1,1,0
BRDA:28,2,0,0
BRDA:28,2,1,0
BRF:6
BRH:0
end_of_record
TN:
SF:C:\Users\Raizo\Vidly\routes\customers.js
FN:6,(anonymous_0)
FN:12,(anonymous_1)
FN:23,(anonymous_2)
FN:37,(anonymous_3)
FN:53,(anonymous_4)
FNF:5
FNH:0
FNDA:0,(anonymous_0)
FNDA:0,(anonymous_1)
FNDA:0,(anonymous_2)
FNDA:0,(anonymous_3)
FNDA:0,(anonymous_4)
DA:1,3
DA:2,3
DA:3,3
DA:4,3
DA:6,3
DA:7,0
DA:9,0
DA:12,3
DA:13,0
DA:15,0
DA:16,0
DA:20,0
DA:23,3
DA:24,0
DA:25,0
DA:27,0
DA:32,0
DA:34,0
DA:37,3
DA:38,0
DA:39,0
DA:41,0
DA:47,0
DA:48,0
DA:50,0
DA:53,3
DA:54,0
DA:56,0
DA:57,0
DA:59,0
DA:62,3
LF:31
LH:10
BRDA:15,0,0,0
BRDA:15,0,1,0
BRDA:25,1,0,0
BRDA:25,1,1,0
BRDA:39,2,0,0
BRDA:39,2,1,0
BRDA:47,3,0,0
BRDA:47,3,1,0
BRDA:56,4,0,0
BRDA:56,4,1,0
BRF:10
BRH:0
end_of_record
TN:
SF:C:\Users\Raizo\Vidly\routes\genres.js
FN:9,(anonymous_0)
FN:15,(anonymous_1)
FN:26,(anonymous_2)
FN:36,(anonymous_3)
FN:52,(anonymous_4)
FNF:5
FNH:5
FNDA:1,(anonymous_0)
FNDA:2,(anonymous_1)
FNDA:5,(anonymous_2)
FNDA:5,(anonymous_3)
FNDA:2,(anonymous_4)
DA:1,3
DA:2,3
DA:3,3
DA:4,3
DA:5,3
DA:6,3
DA:7,3
DA:9,3
DA:10,1
DA:12,1
DA:15,3
DA:16,2
DA:18,2
DA:19,1
DA:23,1
DA:26,3
DA:27,5
DA:28,5
DA:30,3
DA:31,3
DA:33,3
DA:36,3
DA:37,5
DA:38,5
DA:40,3
DA:46,3
DA:47,1
DA:49,2
DA:52,3
DA:53,2
DA:55,2
DA:56,0
DA:58,2
DA:61,3
LF:34
LH:33
BRDA:18,0,0,1
BRDA:18,0,1,1
BRDA:28,1,0,2
BRDA:28,1,1,3
BRDA:38,2,0,2
BRDA:38,2,1,3
BRDA:46,3,0,1
BRDA:46,3,1,2
BRDA:55,4,0,0
BRDA:55,4,1,2
BRF:10
BRH:9
end_of_record
TN:
SF:C:\Users\Raizo\Vidly\routes\movies.js
FN:7,(anonymous_0)
FN:13,(anonymous_1)
FN:35,(anonymous_2)
FN:58,(anonymous_3)
FN:67,(anonymous_4)
FNF:5
FNH:0
FNDA:0,(anonymous_0)
FNDA:0,(anonymous_1)
FNDA:0,(anonymous_2)
FNDA:0,(anonymous_3)
FNDA:0,(anonymous_4)
DA:1,3
DA:2,3
DA:3,3
DA:4,3
DA:5,3
DA:7,3
DA:8,0
DA:10,0
DA:13,3
DA:14,0
DA:15,0
DA:17,0
DA:18,0
DA:20,0
DA:30,0
DA:32,0
DA:35,3
DA:36,0
DA:37,0
DA:39,0
DA:52,0
DA:53,0
DA:55,0
DA:58,3
DA:59,0
DA:61,0
DA:62,0
DA:64,0
DA:67,3
DA:68,0
DA:70,0
DA:71,0
DA:73,0
DA:76,3
LF:34
LH:11
BRDA:15,0,0,0
BRDA:15,0,1,0
BRDA:18,1,0,0
BRDA:18,1,1,0
BRDA:37,2,0,0
BRDA:37,2,1,0
BRDA:52,3,0,0
BRDA:52,3,1,0
BRDA:61,4,0,0
BRDA:61,4,1,0
BRDA:70,5,0,0
BRDA:70,5,1,0
BRF:12
BRH:0
end_of_record
TN:
SF:C:\Users\Raizo\Vidly\routes\rentals.js
FN:11,(anonymous_0)
FN:17,(anonymous_1)
FNF:2
FNH:0
FNDA:0,(anonymous_0)
FNDA:0,(anonymous_1)
DA:1,3
DA:2,3
DA:3,3
DA:4,3
DA:5,3
DA:6,3
DA:7,3
DA:9,3
DA:11,3
DA:12,0
DA:14,0
DA:17,3
DA:18,0
DA:19,0
DA:21,0
DA:22,0
DA:24,0
DA:25,0
DA:27,0
DA:28,0
DA:30,0
DA:43,0
DA:44,0
DA:49,0
DA:51,0
DA:55,3
LF:26
LH:11
BRDA:19,0,0,0
BRDA:19,0,1,0
BRDA:22,1,0,0
BRDA:22,1,1,0
BRDA:25,2,0,0
BRDA:25,2,1,0
BRDA:27,3,0,0
BRDA:27,3,1,0
BRF:8
BRH:0
end_of_record
TN:
SF:C:\Users\Raizo\Vidly\routes\returns.js
FN:9,(anonymous_0)
FN:25,validateReturn
FNF:2
FNH:2
FNDA:7,(anonymous_0)
FNDA:9,validateReturn
DA:1,3
DA:2,3
DA:3,3
DA:4,3
DA:5,3
DA:6,3
DA:7,3
DA:9,3
DA:10,7
DA:12,7
DA:14,6
DA:15,1
DA:17,5
DA:18,5
DA:20,5
DA:22,5
DA:26,9
DA:31,9
DA:34,3
LF:19
LH:19
BRDA:12,0,0,1
BRDA:12,0,1,6
BRDA:14,1,0,1
BRDA:14,1,1,5
BRF:4
BRH:4
end_of_record
TN:
SF:C:\Users\Raizo\Vidly\routes\users.js
FN:11,(anonymous_0)
FN:16,(anonymous_1)
FNF:2
FNH:0
FNDA:0,(anonymous_0)
FNDA:0,(anonymous_1)
DA:1,3
DA:2,3
DA:3,3
DA:4,3
DA:5,3
DA:6,3
DA:7,3
DA:8,3
DA:9,3
DA:11,3
DA:12,0
DA:13,0
DA:16,3
DA:17,0
DA:18,0
DA:20,0
DA:21,0
DA:23,0
DA:25,0
DA:26,0
DA:28,0
DA:30,0
DA:31,0
DA:36,3
LF:24
LH:12
BRDA:18,0,0,0
BRDA:18,0,1,0
BRDA:21,1,0,0
BRDA:21,1,1,0
BRF:4
BRH:0
end_of_record
TN:
SF:C:\Users\Raizo\Vidly\startup\config.js
FN:3,(anonymous_0)
FNF:1
FNH:1
FNDA:3,(anonymous_0)
DA:1,3
DA:3,3
DA:4,3
DA:5,0
LF:4
LH:3
BRDA:4,0,0,0
BRDA:4,0,1,3
BRF:2
BRH:1
end_of_record
TN:
SF:C:\Users\Raizo\Vidly\startup\db.js
FN:9,(anonymous_0)
FN:18,(anonymous_1)
FNF:2
FNH:2
FNDA:3,(anonymous_0)
FNDA:3,(anonymous_1)
DA:1,3
DA:2,3
DA:3,3
DA:5,3
DA:9,3
DA:10,3
DA:12,3
DA:13,3
DA:18,3
LF:9
LH:9
BRF:0
BRH:0
end_of_record
TN:
SF:C:\Users\Raizo\Vidly\startup\logging.js
FN:4,(anonymous_0)
FNF:1
FNH:1
FNDA:3,(anonymous_0)
DA:1,3
DA:2,3
DA:4,3
DA:5,3
LF:4
LH:4
BRF:0
BRH:0
end_of_record
TN:
SF:C:\Users\Raizo\Vidly\startup\prod.js
FN:4,(anonymous_0)
FNF:1
FNH:1
FNDA:3,(anonymous_0)
DA:1,3
DA:2,3
DA:4,3
DA:5,3
DA:6,3
LF:5
LH:5
BRF:0
BRH:0
end_of_record
TN:
SF:C:\Users\Raizo\Vidly\startup\routes.js
FN:11,(anonymous_0)
FNF:1
FNH:1
FNDA:3,(anonymous_0)
DA:1,3
DA:2,3
DA:3,3
DA:4,3
DA:5,3
DA:6,3
DA:7,3
DA:8,3
DA:9,3
DA:11,3
DA:12,3
DA:13,3
DA:14,3
DA:15,3
DA:16,3
DA:17,3
DA:18,3
DA:19,3
DA:20,3
LF:19
LH:19
BRF:0
BRH:0
end_of_record
TN:
SF:C:\Users\Raizo\Vidly\startup\validation.js
FN:3,(anonymous_0)
FNF:1
FNH:1
FNDA:3,(anonymous_0)
DA:1,3
DA:3,3
DA:4,3
LF:3
LH:3
BRF:0
BRH:0
end_of_record
